isilon-tracker-app-7ff874b99d-nrfvv:/app$ bundle exec rails runner "IsilonAsset.where(parent_folder_id: nil).where(\"isilon_path LIKE '%._%' OR isilon_path LIKE '%.%'\").pluck(:id, :isilon_path).each { |id, path| puts \"#{id}\t#{path}\" }"

14      /video-delivery (libraryfs-prdua-3.ocis.temple.edu) (T) - Shortcut.lnk
51      /testsymantecscaengine.txt
147     /Shared (tu.temple.eduDeptsLIB) (S) - Shortcut (2).lnk
148     /Shared (tu.temple.eduDeptsLIB) (S) - Shortcut.lnk
288     /Oral Histories file transfer and rights adjustment.bat
867     /001.~tm
868     /test.txt
1949    /.Trashes
1993    /.TemporaryItems
3334    /files-copy-set2.log
3335    /files-copy-set3.log
3336    /files-copy-set4.log
3337    /files-copy-set5.log
3338    /files-copy_1203.log
1380463 /PhiladelphiaEveningBulletinMicrofilm.jpg
1380465 /Shared (tu.temple.eduDeptsLIB) (S) - Shortcut (3).lnk
1380466 /Shared (tu.temple.eduDeptsLIB) (S) - Shortcut (4).lnk
1380468 /TUsafesend-6mJ3A3qD9TXAM763.zip
1380469 /ulog_HeadlightsCC_AppCrash__e741f32a-a711-4341-9d5e-3e63ffd300e7_0.xml

Run against QA on 02/02/2026 at 2:00 PM

-----

assets_rules_export.rb prepends the volume name when it can:

It gets the volume name via asset.parent_folder.volume.name.
It builds FullPath with "/#{volume_name}#{isilon_path}" in build_full_path.
If a parent folder or volume is missing, it logs to isilon-assets-missing-parent.log and FullPath will be nil. Above is alist run against the QA db which has a full ingest.

-----

